<?xml version="1.0" encoding="UTF-8"?>
<!-- Generated by org.testng.reporters.JUnitReportReporter -->
<testsuite hostname="LAPTOP-BRQI2PIN" failures="0" tests="2" name="com.Automation.Test.LoginTest" time="13.772" errors="0" timestamp="08 Dec 2021 06:30:10 GMT" skipped="0">
  <testcase classname="com.Automation.Test.LoginTest" name="verifyLogin" time="6.444"/>
  <testcase classname="com.Automation.Test.LoginTest" name="VerifyAddUser" time="7.328"/>
</testsuite> <!-- com.Automation.Test.LoginTest -->
